<?xml version="1.0" encoding="UTF-8"?>
<!-- Generated by org.testng.reporters.JUnitReportReporter -->
<testsuite hostname="INBA-NB025" failures="0" tests="1" name="Testng_package.Class1" time="5.136" errors="0" timestamp="2023-06-17T20:04:13 IST" skipped="0">
  <testcase classname="Testng_package.Class1" name="fb" time="5.136"/>
</testsuite> <!-- Testng_package.Class1 -->
