<?xml version="1.0" encoding="UTF-8"?>
<!-- Generated by org.testng.reporters.JUnitReportReporter -->
<testsuite hostname="INBA-NB025" failures="0" tests="1" name="Testng_package.HardAssert" time="0.010" errors="0" timestamp="2023-06-19T19:48:44 IST" skipped="0">
  <testcase classname="Testng_package.HardAssert" name="m2" time="0.010"/>
</testsuite> <!-- Testng_package.HardAssert -->
