<?xml version="1.0" encoding="UTF-8"?>
<!-- Generated by org.testng.reporters.JUnitReportReporter -->
<testsuite hostname="INBA-NB025" failures="0" tests="5" name="Testng_package.invocationcount" time="0.016" errors="0" timestamp="2023-06-17T16:35:26 IST" skipped="0">
  <testcase classname="Testng_package.invocationcount" name="deletecontact" time="0.001"/>
  <testcase classname="Testng_package.invocationcount" name="modifycontact" time="0.002"/>
  <testcase classname="Testng_package.invocationcount" name="createContact" time="0.011"/>
  <testcase classname="Testng_package.invocationcount" name="modifycontact" time="0.001"/>
  <testcase classname="Testng_package.invocationcount" name="modifycontact" time="0.001"/>
</testsuite> <!-- Testng_package.invocationcount -->
