<?xml version="1.0" encoding="UTF-8"?>
<!-- Generated by org.testng.reporters.JUnitReportReporter -->
<testsuite hostname="INBA-NB025" failures="0" tests="1" name="Testng_package.Class3" time="7.443" errors="0" timestamp="2023-06-17T20:04:13 IST" skipped="0">
  <testcase classname="Testng_package.Class3" name="FC" time="7.443"/>
</testsuite> <!-- Testng_package.Class3 -->
