<?xml version="1.0" encoding="UTF-8"?>
<!-- Generated by org.testng.reporters.JUnitReportReporter -->
<testsuite hostname="INBA-NB025" failures="0" tests="3" name="Testng_package.Demo" time="0.015" errors="0" timestamp="2023-06-16T20:44:38 IST" skipped="0">
  <testcase classname="Testng_package.Demo" name="createContact" time="0.010"/>
  <testcase classname="Testng_package.Demo" name="modifycontact" time="0.003"/>
  <testcase classname="Testng_package.Demo" name="deletecontact" time="0.002"/>
</testsuite> <!-- Testng_package.Demo -->
